{
  "RSpec": {
    "coverage": {
      "/Users/patrickwentz/Desktop/turing/Module3/projects/SnackTrack/SnackTrackAPI/app/helpers/user_helper.rb": [
        1,
        1,
        12,
        null,
        null
      ],
      "/Users/patrickwentz/Desktop/turing/Module3/projects/SnackTrack/SnackTrackAPI/app/models/ingredient.rb": [
        1,
        1,
        1,
        1,
        1,
        1,
        1,
        1,
        1,
        null,
        1,
        101,
        101,
        1,
        null,
        null,
        null,
        1,
        101,
        101,
        2,
        null,
        null,
        null,
        1,
        1,
        2,
        null,
        null,
        1,
        6,
        null,
        null,
        1,
        2,
        10,
        null,
        null,
        null,
        1,
        62,
        62,
        9,
        null,
        53,
        null,
        null,
        null,
        53,
        null,
        null,
        null,
        1,
        55,
        1,
        54,
        1,
        null,
        53,
        null,
        null,
        null,
        1,
        3,
        null,
        3,
        1,
        null,
        2,
        2,
        2,
        null,
        null,
        null,
        null
      ],
      "/Users/patrickwentz/Desktop/turing/Module3/projects/SnackTrack/SnackTrackAPI/app/models/application_record.rb": [
        1,
        1,
        null
      ],
      "/Users/patrickwentz/Desktop/turing/Module3/projects/SnackTrack/SnackTrackAPI/app/models/pantry_ingredient.rb": [
        1,
        1,
        1,
        null,
        1,
        1,
        3,
        3,
        3,
        3,
        2,
        null,
        1,
        null,
        null,
        null,
        null,
        1,
        null,
        null,
        null,
        null,
        4,
        null,
        null,
        null
      ],
      "/Users/patrickwentz/Desktop/turing/Module3/projects/SnackTrack/SnackTrackAPI/app/models/recipe.rb": [
        1,
        1,
        1,
        1,
        null,
        1,
        1,
        2,
        null,
        null,
        1,
        2,
        null,
        null,
        1,
        2,
        null,
        2,
        0,
        null,
        2,
        2,
        2,
        2,
        null,
        null,
        null,
        1,
        3,
        11,
        null,
        null,
        null,
        null,
        11,
        11,
        null,
        null,
        null,
        1,
        null,
        null,
        null,
        null,
        null,
        4,
        null,
        null,
        null
      ],
      "/Users/patrickwentz/Desktop/turing/Module3/projects/SnackTrack/SnackTrackAPI/app/models/user.rb": [
        1,
        1,
        1,
        1,
        null,
        1,
        3,
        3,
        1,
        1,
        null,
        2,
        null,
        null,
        null,
        null,
        null,
        null,
        1,
        1,
        1,
        1,
        null,
        0,
        null,
        null,
        null,
        null
      ],
      "/Users/patrickwentz/Desktop/turing/Module3/projects/SnackTrack/SnackTrackAPI/app/services/spoonacular_auto_complete_service.rb": [
        1,
        1,
        3,
        3,
        3,
        null,
        null,
        1,
        3,
        3,
        null,
        3,
        null,
        null,
        1,
        null,
        1,
        3,
        null,
        null
      ],
      "/Users/patrickwentz/Desktop/turing/Module3/projects/SnackTrack/SnackTrackAPI/app/services/spoonacular_recipe_retrieval_service.rb": [
        1,
        1,
        3,
        3,
        3,
        3,
        null,
        null,
        1,
        3,
        11,
        11,
        null,
        null,
        null
      ],
      "/Users/patrickwentz/Desktop/turing/Module3/projects/SnackTrack/SnackTrackAPI/app/services/spoonacular_recipe_search_service.rb": [
        1,
        1,
        3,
        3,
        3,
        null,
        null,
        1,
        3,
        3,
        7,
        null,
        3,
        3,
        3,
        null,
        null,
        1,
        null,
        1,
        3,
        null,
        null,
        null
      ],
      "/Users/patrickwentz/Desktop/turing/Module3/projects/SnackTrack/SnackTrackAPI/app/models/recipe_ingredient.rb": [
        1,
        1,
        1,
        null,
        1,
        11,
        60,
        60,
        60,
        8,
        null,
        52,
        null,
        null,
        null,
        null,
        null,
        null,
        null,
        null
      ],
      "/Users/patrickwentz/Desktop/turing/Module3/projects/SnackTrack/SnackTrackAPI/app/controllers/api/v1/ingredients_search_controller.rb": [
        1,
        1,
        null,
        1,
        1,
        null,
        null
      ],
      "/Users/patrickwentz/Desktop/turing/Module3/projects/SnackTrack/SnackTrackAPI/app/controllers/application_controller.rb": [
        1,
        1,
        null
      ],
      "/Users/patrickwentz/Desktop/turing/Module3/projects/SnackTrack/SnackTrackAPI/app/serializers/ingredient_serializer.rb": [
        1,
        1,
        null
      ],
      "/Users/patrickwentz/Desktop/turing/Module3/projects/SnackTrack/SnackTrackAPI/app/controllers/api/v1/pantry_ingredients_controller.rb": [
        1,
        1,
        1,
        1,
        null,
        null,
        1,
        1,
        1,
        1,
        null,
        null,
        1,
        1,
        1,
        null,
        null
      ],
      "/Users/patrickwentz/Desktop/turing/Module3/projects/SnackTrack/SnackTrackAPI/app/serializers/pantry_ingredient_serializer.rb": [
        1,
        1,
        1,
        1,
        1,
        null,
        1,
        5,
        null,
        null,
        1,
        5,
        null,
        null,
        1,
        5,
        null,
        null
      ],
      "/Users/patrickwentz/Desktop/turing/Module3/projects/SnackTrack/SnackTrackAPI/app/controllers/api/v1/recipes_controller.rb": [
        1,
        1,
        1,
        1,
        null,
        null
      ],
      "/Users/patrickwentz/Desktop/turing/Module3/projects/SnackTrack/SnackTrackAPI/app/serializers/recipe_serializer.rb": [
        1,
        1,
        1,
        null
      ],
      "/Users/patrickwentz/Desktop/turing/Module3/projects/SnackTrack/SnackTrackAPI/app/serializers/recipe_ingredient_serializer.rb": [
        1,
        1,
        1,
        1,
        null,
        null,
        1,
        25,
        null,
        null,
        1,
        25,
        null,
        null
      ],
      "/Users/patrickwentz/Desktop/turing/Module3/projects/SnackTrack/SnackTrackAPI/app/controllers/api/v1/users_controller.rb": [
        1,
        1,
        1,
        1,
        1,
        null,
        null,
        null
      ],
      "/Users/patrickwentz/Desktop/turing/Module3/projects/SnackTrack/SnackTrackAPI/app/serializers/user_serializer.rb": [
        0,
        0,
        0,
        0
      ]
    },
    "timestamp": 1474485980
  }
}
