{
  "RSpec": {
    "coverage": {
      "/Users/patrickwentz/Desktop/turing/Module3/projects/SnackTrack/SnackTrackAPI/app/helpers/user_helper.rb": [
        1,
        1,
        0,
        null,
        null
      ],
      "/Users/patrickwentz/Desktop/turing/Module3/projects/SnackTrack/SnackTrackAPI/app/models/ingredient.rb": [
        1,
        1,
        1,
        1,
        1,
        1,
        1,
        1,
        1,
        null,
        1,
        15,
        15,
        1,
        null,
        null,
        null,
        1,
        15,
        15,
        1,
        null,
        null,
        null,
        1,
        1,
        1,
        null,
        null,
        1,
        3,
        null,
        null,
        1,
        1,
        5,
        null,
        null,
        null,
        1,
        2,
        2,
        1,
        null,
        1,
        null,
        null,
        null,
        1,
        null,
        null,
        null,
        1,
        3,
        1,
        2,
        1,
        null,
        1,
        null,
        null,
        null,
        1,
        1,
        null,
        1,
        0,
        null,
        1,
        1,
        1,
        null,
        null,
        null,
        null
      ],
      "/Users/patrickwentz/Desktop/turing/Module3/projects/SnackTrack/SnackTrackAPI/app/models/application_record.rb": [
        1,
        1,
        null
      ],
      "/Users/patrickwentz/Desktop/turing/Module3/projects/SnackTrack/SnackTrackAPI/app/models/recipe.rb": [
        1,
        1,
        1,
        1,
        null,
        1,
        1,
        0,
        null,
        null,
        1,
        0,
        null,
        null,
        1,
        0,
        null,
        0,
        0,
        null,
        0,
        0,
        0,
        0,
        null,
        null,
        null,
        1,
        0,
        0,
        null,
        null,
        null,
        null,
        0,
        0,
        null,
        null,
        null,
        1,
        null,
        null,
        null,
        null,
        null,
        0,
        null,
        null,
        null
      ],
      "/Users/patrickwentz/Desktop/turing/Module3/projects/SnackTrack/SnackTrackAPI/app/models/pantry_ingredient.rb": [
        1,
        1,
        1,
        null,
        1,
        1,
        0,
        0,
        0,
        0,
        0,
        null,
        0,
        null,
        null,
        null,
        null,
        1,
        null,
        null,
        null,
        null,
        0,
        null,
        null,
        null
      ],
      "/Users/patrickwentz/Desktop/turing/Module3/projects/SnackTrack/SnackTrackAPI/app/models/user.rb": [
        1,
        1,
        1,
        1,
        null,
        1,
        0,
        0,
        0,
        null,
        0,
        null,
        null,
        null,
        null
      ],
      "/Users/patrickwentz/Desktop/turing/Module3/projects/SnackTrack/SnackTrackAPI/app/services/spoonacular_auto_complete_service.rb": [
        1,
        1,
        1,
        1,
        1,
        null,
        null,
        1,
        1,
        1,
        null,
        1,
        null,
        null,
        1,
        null,
        1,
        1,
        null,
        null
      ],
      "/Users/patrickwentz/Desktop/turing/Module3/projects/SnackTrack/SnackTrackAPI/app/controllers/api/v1/ingredients_search_controller.rb": [
        0,
        0,
        0,
        0,
        0,
        0,
        0
      ],
      "/Users/patrickwentz/Desktop/turing/Module3/projects/SnackTrack/SnackTrackAPI/app/controllers/api/v1/pantry_ingredients_controller.rb": [
        0,
        0,
        0,
        0,
        0,
        0,
        0,
        0,
        0,
        0,
        0,
        0,
        0,
        0,
        0,
        0,
        0,
        0,
        0,
        0,
        0,
        0,
        0,
        0,
        0,
        0
      ],
      "/Users/patrickwentz/Desktop/turing/Module3/projects/SnackTrack/SnackTrackAPI/app/controllers/api/v1/recipes_controller.rb": [
        0,
        0,
        0,
        0,
        0,
        0
      ],
      "/Users/patrickwentz/Desktop/turing/Module3/projects/SnackTrack/SnackTrackAPI/app/controllers/api/v1/users_controller.rb": [
        0,
        0,
        0,
        0,
        0,
        0,
        0,
        0
      ],
      "/Users/patrickwentz/Desktop/turing/Module3/projects/SnackTrack/SnackTrackAPI/app/controllers/application_controller.rb": [
        0,
        0,
        0
      ],
      "/Users/patrickwentz/Desktop/turing/Module3/projects/SnackTrack/SnackTrackAPI/app/controllers/recipes_controller.rb": [
        0,
        0,
        0,
        0,
        0,
        0
      ],
      "/Users/patrickwentz/Desktop/turing/Module3/projects/SnackTrack/SnackTrackAPI/app/controllers/sessions_controller.rb": [
        0,
        0,
        0,
        0,
        0,
        0,
        0,
        0,
        0,
        0,
        0
      ],
      "/Users/patrickwentz/Desktop/turing/Module3/projects/SnackTrack/SnackTrackAPI/app/models/recipe_ingredient.rb": [
        0,
        0,
        0,
        0,
        0,
        0,
        0,
        0,
        0,
        0,
        0,
        0,
        0,
        0,
        0,
        0,
        0,
        0,
        0,
        0
      ],
      "/Users/patrickwentz/Desktop/turing/Module3/projects/SnackTrack/SnackTrackAPI/app/serializers/ingredient_serializer.rb": [
        0,
        0,
        0
      ],
      "/Users/patrickwentz/Desktop/turing/Module3/projects/SnackTrack/SnackTrackAPI/app/serializers/pantry_ingredient_serializer.rb": [
        0,
        0,
        0,
        0,
        0,
        0,
        0,
        0,
        0,
        0,
        0,
        0,
        0,
        0,
        0,
        0,
        0,
        0
      ],
      "/Users/patrickwentz/Desktop/turing/Module3/projects/SnackTrack/SnackTrackAPI/app/serializers/recipe_ingredient_serializer.rb": [
        0,
        0,
        0,
        0,
        0,
        0,
        0,
        0,
        0,
        0,
        0,
        0,
        0,
        0
      ],
      "/Users/patrickwentz/Desktop/turing/Module3/projects/SnackTrack/SnackTrackAPI/app/serializers/recipe_serializer.rb": [
        0,
        0,
        0,
        0
      ],
      "/Users/patrickwentz/Desktop/turing/Module3/projects/SnackTrack/SnackTrackAPI/app/serializers/user_serializer.rb": [
        0,
        0,
        0,
        0
      ],
      "/Users/patrickwentz/Desktop/turing/Module3/projects/SnackTrack/SnackTrackAPI/app/services/spoonacular_recipe_retrieval_service.rb": [
        0,
        0,
        0,
        0,
        0,
        0,
        0,
        0,
        0,
        0,
        0,
        0,
        0,
        0,
        0
      ],
      "/Users/patrickwentz/Desktop/turing/Module3/projects/SnackTrack/SnackTrackAPI/app/services/spoonacular_recipe_search_service.rb": [
        0,
        0,
        0,
        0,
        0,
        0,
        0,
        0,
        0,
        0,
        0,
        0,
        0,
        0,
        0,
        0,
        0,
        0,
        0,
        0,
        0,
        0,
        0,
        0
      ]
    },
    "timestamp": 1474424209
  }
}
